<?xml version="1.0" encoding="UTF-8"?>
<!-- Generated by org.testng.reporters.JUnitXMLReporter -->
<testsuite ignored="0" hostname="WKWZTOYQ7PXPCm9" failures="0" tests="3" name="Default test" time="52.682" errors="0" timestamp="2023-09-06T14:16:24 IST">
  <testcase classname="epsilon.WebDriver.DataProvider" name="sample" time="18.937"/>
  <testcase classname="epsilon.WebDriver.DataProvider" name="sample" time="16.689"/>
  <testcase classname="epsilon.WebDriver.DataProvider" name="sample" time="16.981"/>
</testsuite> <!-- Default test -->
