<?xml version="1.0" encoding="UTF-8"?>
<testng-results ignored="0" total="3" passed="3" failed="0" skipped="0">
  <reporter-output>
  </reporter-output>
  <suite started-at="2023-09-06T14:15:31 IST" name="Default suite" finished-at="2023-09-06T14:16:24 IST" duration-ms="52682">
    <groups>
    </groups>
    <test started-at="2023-09-06T14:15:31 IST" name="Default test" finished-at="2023-09-06T14:16:24 IST" duration-ms="52682">
      <class name="epsilon.WebDriver.DataProvider">
        <test-method signature="sample(java.lang.String,java.lang.String)[pri:0, instance:epsilon.WebDriver.DataProvider@292b08d6]" started-at="2023-09-06T14:15:31 IST" name="sample" data-provider="getdata" finished-at="2023-09-06T14:15:50 IST" duration-ms="18937" status="PASS">
          <params>
            <param index="0">
              <value>
                <![CDATA[admin]]>
              </value>
            </param>
            <param index="1">
              <value>
                <![CDATA[manager]]>
              </value>
            </param>
          </params>
          <reporter-output>
          </reporter-output>
        </test-method> <!-- sample -->
        <test-method signature="sample(java.lang.String,java.lang.String)[pri:0, instance:epsilon.WebDriver.DataProvider@292b08d6]" started-at="2023-09-06T14:15:50 IST" name="sample" data-provider="getdata" finished-at="2023-09-06T14:16:07 IST" duration-ms="16689" status="PASS">
          <params>
            <param index="0">
              <value>
                <![CDATA[trainee]]>
              </value>
            </param>
            <param index="1">
              <value>
                <![CDATA[trainee]]>
              </value>
            </param>
          </params>
          <reporter-output>
          </reporter-output>
        </test-method> <!-- sample -->
        <test-method signature="sample(java.lang.String,java.lang.String)[pri:0, instance:epsilon.WebDriver.DataProvider@292b08d6]" started-at="2023-09-06T14:16:07 IST" name="sample" data-provider="getdata" finished-at="2023-09-06T14:16:24 IST" duration-ms="16981" status="PASS">
          <params>
            <param index="0">
              <value>
                <![CDATA[hi]]>
              </value>
            </param>
            <param index="1">
              <value>
                <![CDATA[hlo]]>
              </value>
            </param>
          </params>
          <reporter-output>
          </reporter-output>
        </test-method> <!-- sample -->
      </class> <!-- epsilon.WebDriver.DataProvider -->
    </test> <!-- Default test -->
  </suite> <!-- Default suite -->
</testng-results>
